   tot%      tot#     self%     self#  function
0.00037         1   0.00000         0  toplevel
0.99963      2687   0.00000         0  | "doRun"
0.72024      1936   0.00000         0  | | "setDistance"
0.72024      1936   0.00000         0  | | | "standardGeneric"
0.72024      1936   0.00000         0  | | | | "setDistance"
0.72024      1936   0.00000         0  | | | | | "dist"
0.72024      1936   0.00000         0  | | | | | | "nrow"
0.72024      1936   0.00000         0  | | | | | | | "as.matrix"
0.72024      1936   0.00000         0  | | | | | | | | "matrix"
0.72024      1936   0.00000         0  | | | | | | | | | "boxcoxplsSummary"
0.72024      1936   0.00000         0  | | | | | | | | | | "summaryStatsLong"
0.71875      1932   0.00000         0  | | | | | | | | | | | "fitContinuous.hacked"
0.35156       945   0.00000         0  | | | | | | | | | | | | "fitContinuousModel"
0.20424       549   0.00000         0  | | | | | | | | | | | | | "try"
0.20424       549   0.00000         0  | | | | | | | | | | | | | | "tryCatch"
0.20424       549   0.00000         0  | | | | | | | | | | | | | | | "tryCatchList"
0.20424       549   0.00000         0  | | | | | | | | | | | | | | | | "tryCatchOne"
0.20164       542   0.00000         0  | | | | | | | | | | | | | | | | | "doTryCatch"
0.20164       542   0.00037         1  | | | | | | | | | | | | | | | | | | "optim"
0.20126       541   0.00000         0  | | | | | | | | | | | | | | | | | | | "<Anonymous>"
0.20126       541   0.00521        14  | | | | | | | | | | | | | | | | | | | | "fn"
0.09412       253   0.00037         1  | | | | | | | | | | | | | | | | | | | | | "dmvnormPseudoinverse"
0.06213       167   0.00000         0  | | | | | | | | | | | | | | | | | | | | | | "mahalanobis"
0.06176       166   0.00000         0  | | | | | | | | | | | | | | | | | | | | | | | "rowSums"
0.06176       166   0.00000         0  | | | | | | | | | | | | | | | | | | | | | | | | "is.data.frame"
0.06176       166   0.00000         0  | | | | | | | | | | | | | | | | | | | | | | | | | "pseudoinverse"
0.05283       142   0.00000         0  | | | | | | | | | | | | | | | | | | | | | | | | | | "fast.svd"
0.05283       142   0.00632        17  | | | | | | | | | | | | | | | | | | | | | | | | | | | "positive.svd"
0.04650       125   0.00818        22  | | | | | | | | | | | | | | | | | | | | | | | | | | | | "svd"
0.03497        94   0.03088        83  | | | | | | | | | | | | | | | | | | | | | | | | | | | | | "La.svd"
0.00409        11   0.00409        11  | | | | | | | | | | | | | | | | | | | | | | | | | | | | | | "matrix"
0.00335         9   0.00000         0  | | | | | | | | | | | | | | | | | | | | | | | | | | | | | "t"
0.00335         9   0.00335         9  | | | | | | | | | | | | | | | | | | | | | | | | | | | | | | "t.default"
0.00372        10   0.00000         0  | | | | | | | | | | | | | | | | | | | | | | | | | | "t"
0.00372        10   0.00372        10  | | | | | | | | | | | | | | | | | | | | | | | | | | | "t.default"
0.00260         7   0.00260         7  | | | | | | | | | | | | | | | | | | | | | | | | | | "*"
0.00223         6   0.00223         6  | | | | | | | | | | | | | | | | | | | | | | | | | | "%*%"
0.00037         1   0.00037         1  | | | | | | | | | | | | | | | | | | | | | | | | | | "/"
0.00037         1   0.00000         0  | | | | | | | | | | | | | | | | | | | | | | | "sweep"
0.00037         1   0.00000         0  | | | | | | | | | | | | | | | | | | | | | | | | "aperm"
0.00037         1   0.00037         1  | | | | | | | | | | | | | | | | | | | | | | | | | "aperm.default"
0.01786        48   0.00000         0  | | | | | | | | | | | | | | | | | | | | | | "isSymmetric"
0.01786        48   0.00000         0  | | | | | | | | | | | | | | | | | | | | | | | "isSymmetric.matrix"
0.01786        48   0.00000         0  | | | | | | | | | | | | | | | | | | | | | | | | "all.equal"
0.01786        48   0.00781        21  | | | | | | | | | | | | | | | | | | | | | | | | | "all.equal.numeric"
0.00521        14   0.00521        14  | | | | | | | | | | | | | | | | | | | | | | | | | | "as.vector"
0.00484        13   0.00000         0  | | | | | | | | | | | | | | | | | | | | | | | | | | "attr.all.equal"
0.00260         7   0.00000         0  | | | | | | | | | | | | | | | | | | | | | | | | | | | "mode"
0.00260         7   0.00000         0  | | | | | | | | | | | | | | | | | | | | | | | | | | | | "t"
0.00260         7   0.00260         7  | | | | | | | | | | | | | | | | | | | | | | | | | | | | | "t.default"
0.00223         6   0.00000         0  | | | | | | | | | | | | | | | | | | | | | | | | | | | "all.equal"
0.00223         6   0.00037         1  | | | | | | | | | | | | | | | | | | | | | | | | | | | | "all.equal.list"
0.00186         5   0.00000         0  | | | | | | | | | | | | | | | | | | | | | | | | | | | | | "all.equal"
0.00149         4   0.00000         0  | | | | | | | | | | | | | | | | | | | | | | | | | | | | | | "all.equal.list"
0.00149         4   0.00000         0  | | | | | | | | | | | | | | | | | | | | | | | | | | | | | | | "all.equal"
0.00149         4   0.00112         3  | | | | | | | | | | | | | | | | | | | | | | | | | | | | | | | | "all.equal.character"
0.00037         1   0.00037         1  | | | | | | | | | | | | | | | | | | | | | | | | | | | | | | | | | "attr.all.equal"
0.00037         1   0.00000         0  | | | | | | | | | | | | | | | | | | | | | | | | | | | | | | "all.equal.numeric"
0.00037         1   0.00037         1  | | | | | | | | | | | | | | | | | | | | | | | | | | | | | | | "data.class"
0.01339        36   0.01339        36  | | | | | | | | | | | | | | | | | | | | | | "eigen"
0.00037         1   0.00037         1  | | | | | | | | | | | | | | | | | | | | | | "matrix"
0.04650       125   0.00000         0  | | | | | | | | | | | | | | | | | | | | | "ouMatrix"
0.01711        46   0.01711        46  | | | | | | | | | | | | | | | | | | | | | | "*"
0.00744        20   0.00707        19  | | | | | | | | | | | | | | | | | | | | | | "diag"
0.00037         1   0.00000         0  | | | | | | | | | | | | | | | | | | | | | | | "sapply"
0.00037         1   0.00037         1  | | | | | | | | | | | | | | | | | | | | | | | | "lapply"
0.00744        20   0.00744        20  | | | | | | | | | | | | | | | | | | | | | | "matrix"
0.00632        17   0.00632        17  | | | | | | | | | | | | | | | | | | | | | | "-"
0.00521        14   0.00521        14  | | | | | | | | | | | | | | | | | | | | | | "exp"
0.00298         8   0.00298         8  | | | | | | | | | | | | | | | | | | | | | | "+"
0.04278       115   0.00000         0  | | | | | | | | | | | | | | | | | | | | | "phylogMean"
0.04204       113   0.00000         0  | | | | | | | | | | | | | | | | | | | | | | "try"
0.04204       113   0.00000         0  | | | | | | | | | | | | | | | | | | | | | | | "tryCatch"
0.04204       113   0.00037         1  | | | | | | | | | | | | | | | | | | | | | | | | "tryCatchList"
0.04167       112   0.00000         0  | | | | | | | | | | | | | | | | | | | | | | | | | "tryCatchOne"
0.04167       112   0.00037         1  | | | | | | | | | | | | | | | | | | | | | | | | | | "doTryCatch"
0.04129       111   0.00000         0  | | | | | | | | | | | | | | | | | | | | | | | | | | | "solve"
0.04092       110   0.01860        50  | | | | | | | | | | | | | | | | | | | | | | | | | | | | "solve.default"
0.01153        31   0.00335         9  | | | | | | | | | | | | | | | | | | | | | | | | | | | | | "diag"
0.00818        22   0.00818        22  | | | | | | | | | | | | | | | | | | | | | | | | | | | | | | "array"
0.00446        12   0.00446        12  | | | | | | | | | | | | | | | | | | | | | | | | | | | | | "colnames<-"
0.00446        12   0.00446        12  | | | | | | | | | | | | | | | | | | | | | | | | | | | | | "rownames<-"
0.00074         2   0.00037         1  | | | | | | | | | | | | | | | | | | | | | | | | | | | | | "rownames"
0.00037         1   0.00000         0  | | | | | | | | | | | | | | | | | | | | | | | | | | | | | | "NROW"
0.00037         1   0.00037         1  | | | | | | | | | | | | | | | | | | | | | | | | | | | | | | | "nrow"
0.00074         2   0.00074         2  | | | | | | | | | | | | | | | | | | | | | | | | | | | | | "ifelse"
0.00037         1   0.00037         1  | | | | | | | | | | | | | | | | | | | | | | | | | | | | | "ncol"
0.00037         1   0.00037         1  | | | | | | | | | | | | | | | | | | | | | | | | | | | | "%*%"
0.00037         1   0.00037         1  | | | | | | | | | | | | | | | | | | | | | | "class"
0.00037         1   0.00000         0  | | | | | | | | | | | | | | | | | | | | | | "t"
0.00037         1   0.00037         1  | | | | | | | | | | | | | | | | | | | | | | | "t.default"
0.00446        12   0.00446        12  | | | | | | | | | | | | | | | | | | | | | "*"
0.00409        11   0.00409        11  | | | | | | | | | | | | | | | | | | | | | "diag"
0.00409        11   0.00372        10  | | | | | | | | | | | | | | | | | | | | | "diag<-"
0.00037         1   0.00037         1  | | | | | | | | | | | | | | | | | | | | | | "cbind"
0.00149         4   0.00000         0  | | | | | | | | | | | | | | | | | "<Anonymous>"
0.00074         2   0.00000         0  | | | | | | | | | | | | | | | | | | "deparse"
0.00037         1   0.00037         1  | | | | | | | | | | | | | | | | | | | ".deparseOpts"
0.00037         1   0.00000         0  | | | | | | | | | | | | | | | | | | | "%in%"
0.00037         1   0.00000         0  | | | | | | | | | | | | | | | | | | | | "match"
0.00037         1   0.00000         0  | | | | | | | | | | | | | | | | | | | | | "mode"
0.00037         1   0.00000         0  | | | | | | | | | | | | | | | | | | | | | | "deparse"
0.00037         1   0.00000         0  | | | | | | | | | | | | | | | | | | | | | | | ".deparseOpts"
0.00037         1   0.00000         0  | | | | | | | | | | | | | | | | | | | | | | | | "pmatch"
0.00037         1   0.00037         1  | | | | | | | | | | | | | | | | | | | | | | | | | "c"
0.00037         1   0.00037         1  | | | | | | | | | | | | | | | | | | "structure"
0.00037         1   0.00037         1  | | | | | | | | | | | | | | | | | | "strsplit"
0.00112         3   0.00037         1  | | | | | | | | | | | | | | | | | "simpleError"
0.00074         2   0.00000         0  | | | | | | | | | | | | | | | | | | "structure"
0.00037         1   0.00000         0  | | | | | | | | | | | | | | | | | | | "%in%"
0.00037         1   0.00037         1  | | | | | | | | | | | | | | | | | | | | "match"
0.00037         1   0.00037         1  | | | | | | | | | | | | | | | | | | | "match"
0.08519       229   0.00000         0  | | | | | | | | | | | | | "print"
0.08519       229   0.08519       229  | | | | | | | | | | | | | | "print.default"
0.05990       161   0.00000         0  | | | | | | | | | | | | | "nlm"
0.05990       161   0.00000         0  | | | | | | | | | | | | | | "<Anonymous>"
0.05990       161   0.00000         0  | | | | | | | | | | | | | | | "f"
0.05804       156   0.00000         0  | | | | | | | | | | | | | | | | "try"
0.05804       156   0.00000         0  | | | | | | | | | | | | | | | | | "tryCatch"
0.05804       156   0.00000         0  | | | | | | | | | | | | | | | | | | "tryCatchList"
0.05804       156   0.00000         0  | | | | | | | | | | | | | | | | | | | "tryCatchOne"
0.05804       156   0.00000         0  | | | | | | | | | | | | | | | | | | | | "doTryCatch"
0.05804       156   0.00000         0  | | | | | | | | | | | | | | | | | | | | | "foo"
0.03088        83   0.00000         0  | | | | | | | | | | | | | | | | | | | | | | "phylogMean"
0.02790        75   0.00000         0  | | | | | | | | | | | | | | | | | | | | | | | "print"
0.02790        75   0.02790        75  | | | | | | | | | | | | | | | | | | | | | | | | "print.default"
0.00298         8   0.00000         0  | | | | | | | | | | | | | | | | | | | | | | | "try"
0.00298         8   0.00000         0  | | | | | | | | | | | | | | | | | | | | | | | | "tryCatch"
0.00298         8   0.00000         0  | | | | | | | | | | | | | | | | | | | | | | | | | "tryCatchList"
0.00298         8   0.00000         0  | | | | | | | | | | | | | | | | | | | | | | | | | | "tryCatchOne"
0.00298         8   0.00000         0  | | | | | | | | | | | | | | | | | | | | | | | | | | | "doTryCatch"
0.00298         8   0.00037         1  | | | | | | | | | | | | | | | | | | | | | | | | | | | | "solve"
0.00260         7   0.00112         3  | | | | | | | | | | | | | | | | | | | | | | | | | | | | | "solve.default"
0.00074         2   0.00074         2  | | | | | | | | | | | | | | | | | | | | | | | | | | | | | | "ifelse"
0.00074         2   0.00074         2  | | | | | | | | | | | | | | | | | | | | | | | | | | | | | | "rownames<-"
0.01376        37   0.00000         0  | | | | | | | | | | | | | | | | | | | | | | "vcv.phylo"
0.01339        36   0.00521        14  | | | | | | | | | | | | | | | | | | | | | | | "foo"
0.00818        22   0.00223         6  | | | | | | | | | | | | | | | | | | | | | | | | "foo"
0.00595        16   0.00335         9  | | | | | | | | | | | | | | | | | | | | | | | | | "foo"
0.00260         7   0.00112         3  | | | | | | | | | | | | | | | | | | | | | | | | | | "foo"
0.00149         4   0.00037         1  | | | | | | | | | | | | | | | | | | | | | | | | | | | "foo"
0.00074         2   0.00074         2  | | | | | | | | | | | | | | | | | | | | | | | | | | | | "which"
0.00037         1   0.00037         1  | | | | | | | | | | | | | | | | | | | | | | | | | | | | "foo"
0.00037         1   0.00000         0  | | | | | | | | | | | | | | | | | | | | | | | "reorder"
0.00037         1   0.00000         0  | | | | | | | | | | | | | | | | | | | | | | | | "reorder.phylo"
0.00037         1   0.00037         1  | | | | | | | | | | | | | | | | | | | | | | | | | "attr"
0.00484        13   0.00000         0  | | | | | | | | | | | | | | | | | | | | | | "dmvnormPseudoinverse"
0.00372        10   0.00000         0  | | | | | | | | | | | | | | | | | | | | | | | "mahalanobis"
0.00298         8   0.00037         1  | | | | | | | | | | | | | | | | | | | | | | | | "rowSums"
0.00260         7   0.00000         0  | | | | | | | | | | | | | | | | | | | | | | | | | "is.data.frame"
0.00260         7   0.00000         0  | | | | | | | | | | | | | | | | | | | | | | | | | | "pseudoinverse"
0.00260         7   0.00000         0  | | | | | | | | | | | | | | | | | | | | | | | | | | | "fast.svd"
0.00260         7   0.00037         1  | | | | | | | | | | | | | | | | | | | | | | | | | | | | "positive.svd"
0.00223         6   0.00000         0  | | | | | | | | | | | | | | | | | | | | | | | | | | | | | "svd"
0.00223         6   0.00186         5  | | | | | | | | | | | | | | | | | | | | | | | | | | | | | | "La.svd"
0.00037         1   0.00037         1  | | | | | | | | | | | | | | | | | | | | | | | | | | | | | | | "matrix"
0.00074         2   0.00000         0  | | | | | | | | | | | | | | | | | | | | | | | | "sweep"
0.00074         2   0.00037         1  | | | | | | | | | | | | | | | | | | | | | | | | | "aperm"
0.00037         1   0.00000         0  | | | | | | | | | | | | | | | | | | | | | | | | | | "aperm.default"
0.00037         1   0.00000         0  | | | | | | | | | | | | | | | | | | | | | | | | | | | "order"
0.00037         1   0.00000         0  | | | | | | | | | | | | | | | | | | | | | | | | | | | | "unlist"
0.00037         1   0.00000         0  | | | | | | | | | | | | | | | | | | | | | | | | | | | | | "lapply"
0.00037         1   0.00037         1  | | | | | | | | | | | | | | | | | | | | | | | | | | | | | | "FUN"
0.00037         1   0.00000         0  | | | | | | | | | | | | | | | | | | | | | | | "isSymmetric"
0.00037         1   0.00000         0  | | | | | | | | | | | | | | | | | | | | | | | | "isSymmetric.matrix"
0.00037         1   0.00000         0  | | | | | | | | | | | | | | | | | | | | | | | | | "all.equal"
0.00037         1   0.00000         0  | | | | | | | | | | | | | | | | | | | | | | | | | | "all.equal.numeric"
0.00037         1   0.00000         0  | | | | | | | | | | | | | | | | | | | | | | | | | | | "attr.all.equal"
0.00037         1   0.00000         0  | | | | | | | | | | | | | | | | | | | | | | | | | | | | "mode"
0.00037         1   0.00000         0  | | | | | | | | | | | | | | | | | | | | | | | | | | | | | "t"
0.00037         1   0.00037         1  | | | | | | | | | | | | | | | | | | | | | | | | | | | | | | "t.default"
0.00037         1   0.00000         0  | | | | | | | | | | | | | | | | | | | | | | | ".signalSimpleWarning"
0.00037         1   0.00000         0  | | | | | | | | | | | | | | | | | | | | | | | | "withRestarts"
0.00037         1   0.00037         1  | | | | | | | | | | | | | | | | | | | | | | | | | "makeRestartList"
0.00037         1   0.00000         0  | | | | | | | | | | | | | | | | | | | | | | | "eigen"
0.00037         1   0.00037         1  | | | | | | | | | | | | | | | | | | | | | | | | "rev"
0.00446        12   0.00037         1  | | | | | | | | | | | | | | | | | | | | | | "deltaTree"
0.00409        11   0.00000         0  | | | | | | | | | | | | | | | | | | | | | | | "rescaleTree"
0.00409        11   0.00000         0  | | | | | | | | | | | | | | | | | | | | | | | | "diag"
0.00409        11   0.00000         0  | | | | | | | | | | | | | | | | | | | | | | | | | "vcv.phylo"
0.00372        10   0.00112         3  | | | | | | | | | | | | | | | | | | | | | | | | | | "foo"
0.00260         7   0.00074         2  | | | | | | | | | | | | | | | | | | | | | | | | | | | "foo"
0.00186         5   0.00000         0  | | | | | | | | | | | | | | | | | | | | | | | | | | | | "foo"
0.00149         4   0.00000         0  | | | | | | | | | | | | | | | | | | | | | | | | | | | | | "foo"
0.00149         4   0.00074         2  | | | | | | | | | | | | | | | | | | | | | | | | | | | | | | "foo"
0.00074         2   0.00074         2  | | | | | | | | | | | | | | | | | | | | | | | | | | | | | | | "foo"
0.00037         1   0.00037         1  | | | | | | | | | | | | | | | | | | | | | | | | | | | | | "$"
0.00037         1   0.00000         0  | | | | | | | | | | | | | | | | | | | | | | | | | | "reorder"
0.00037         1   0.00000         0  | | | | | | | | | | | | | | | | | | | | | | | | | | | "reorder.phylo"
0.00037         1   0.00037         1  | | | | | | | | | | | | | | | | | | | | | | | | | | | | "match.arg"
0.00149         4   0.00000         0  | | | | | | | | | | | | | | | | | | | | | | "ouMatrix"
0.00112         3   0.00112         3  | | | | | | | | | | | | | | | | | | | | | | | "*"
0.00037         1   0.00037         1  | | | | | | | | | | | | | | | | | | | | | | | "-"
0.00074         2   0.00000         0  | | | | | | | | | | | | | | | | | | | | | | "dmvnorm"
0.00037         1   0.00000         0  | | | | | | | | | | | | | | | | | | | | | | | "mahalanobis"
0.00037         1   0.00000         0  | | | | | | | | | | | | | | | | | | | | | | | | "sweep"
0.00037         1   0.00000         0  | | | | | | | | | | | | | | | | | | | | | | | | | "match.fun"
0.00037         1   0.00037         1  | | | | | | | | | | | | | | | | | | | | | | | | | | "get"
0.00037         1   0.00000         0  | | | | | | | | | | | | | | | | | | | | | | | "isSymmetric"
0.00037         1   0.00000         0  | | | | | | | | | | | | | | | | | | | | | | | | "isSymmetric.matrix"
0.00037         1   0.00000         0  | | | | | | | | | | | | | | | | | | | | | | | | | "all.equal"
0.00037         1   0.00000         0  | | | | | | | | | | | | | | | | | | | | | | | | | | "all.equal.numeric"
0.00037         1   0.00000         0  | | | | | | | | | | | | | | | | | | | | | | | | | | | "data.class"
0.00037         1   0.00000         0  | | | | | | | | | | | | | | | | | | | | | | | | | | | | "t"
0.00037         1   0.00037         1  | | | | | | | | | | | | | | | | | | | | | | | | | | | | | "t.default"
0.00074         2   0.00037         1  | | | | | | | | | | | | | | | | | | | | | | "diag"
0.00037         1   0.00037         1  | | | | | | | | | | | | | | | | | | | | | | | "sapply"
0.00074         2   0.00074         2  | | | | | | | | | | | | | | | | | | | | | | "diag<-"
0.00037         1   0.00037         1  | | | | | | | | | | | | | | | | | | | | | | "*"
0.00186         5   0.00000         0  | | | | | | | | | | | | | | | | "phylogMean"
0.00186         5   0.00000         0  | | | | | | | | | | | | | | | | | "print"
0.00186         5   0.00186         5  | | | | | | | | | | | | | | | | | | "print.default"
0.00223         6   0.00223         6  | | | | | | | | | | | | | "runif"
0.21689       583   0.21689       583  | | | | | | | | | | | | "cat"
0.15030       404   0.00000         0  | | | | | | | | | | | | "treedata"
0.15030       404   0.00000         0  | | | | | | | | | | | | | "is.vector"
0.15030       404   0.00000         0  | | | | | | | | | | | | | | "convertTaxonFrameToGeigerData"
0.15030       404   0.00670        18  | | | | | | | | | | | | | | | "doSimulation"
0.07403       199   0.00037         1  | | | | | | | | | | | | | | | | "states"
0.07366       198   0.01860        50  | | | | | | | | | | | | | | | | | "standardGeneric"
0.05506       148   0.03683        99  | | | | | | | | | | | | | | | | | | "loadMethod"
0.01823        49   0.00744        20  | | | | | | | | | | | | | | | | | | | "loadMethod"
0.01079        29   0.01079        29  | | | | | | | | | | | | | | | | | | | | "assign"
0.01153        31   0.00000         0  | | | | | | | | | | | | | | | | "timeSinceSpeciation<-"
0.01153        31   0.00298         8  | | | | | | | | | | | | | | | | | "standardGeneric"
0.00558        15   0.00484        13  | | | | | | | | | | | | | | | | | | "loadMethod"
0.00074         2   0.00000         0  | | | | | | | | | | | | | | | | | | | "loadMethod"
0.00074         2   0.00074         2  | | | | | | | | | | | | | | | | | | | | "assign"
0.00298         8   0.00074         2  | | | | | | | | | | | | | | | | | | "timeSinceSpeciation<-"
0.00223         6   0.00037         1  | | | | | | | | | | | | | | | | | | | "@<-"
0.00186         5   0.00000         0  | | | | | | | | | | | | | | | | | | | | "slot<-"
0.00186         5   0.00112         3  | | | | | | | | | | | | | | | | | | | | | "checkSlotAssignment"
0.00037         1   0.00000         0  | | | | | | | | | | | | | | | | | | | | | | "getClass"
0.00037         1   0.00037         1  | | | | | | | | | | | | | | | | | | | | | | | ".getClassFromCache"
0.00037         1   0.00000         0  | | | | | | | | | | | | | | | | | | | | | | "elNamed"
0.00037         1   0.00037         1  | | | | | | | | | | | | | | | | | | | | | | | "match"
0.01116        30   0.00037         1  | | | | | | | | | | | | | | | | "matrix"
0.01079        29   0.00000         0  | | | | | | | | | | | | | | | | | "states"
0.01079        29   0.00186         5  | | | | | | | | | | | | | | | | | | "standardGeneric"
0.00893        24   0.00558        15  | | | | | | | | | | | | | | | | | | | "loadMethod"
0.00335         9   0.00149         4  | | | | | | | | | | | | | | | | | | | | "loadMethod"
0.00186         5   0.00186         5  | | | | | | | | | | | | | | | | | | | | | "assign"
0.01004        27   0.00000         0  | | | | | | | | | | | | | | | | "nextstates<-"
0.01004        27   0.00074         2  | | | | | | | | | | | | | | | | | "standardGeneric"
0.00521        14   0.00372        10  | | | | | | | | | | | | | | | | | | "loadMethod"
0.00149         4   0.00074         2  | | | | | | | | | | | | | | | | | | | "loadMethod"
0.00074         2   0.00074         2  | | | | | | | | | | | | | | | | | | | | "assign"
0.00409        11   0.00074         2  | | | | | | | | | | | | | | | | | | "nextstates<-"
0.00335         9   0.00000         0  | | | | | | | | | | | | | | | | | | | "@<-"
0.00335         9   0.00112         3  | | | | | | | | | | | | | | | | | | | | "slot<-"
0.00223         6   0.00074         2  | | | | | | | | | | | | | | | | | | | | | "checkSlotAssignment"
0.00074         2   0.00000         0  | | | | | | | | | | | | | | | | | | | | | | "elNamed"
0.00037         1   0.00037         1  | | | | | | | | | | | | | | | | | | | | | | | "el"
0.00037         1   0.00037         1  | | | | | | | | | | | | | | | | | | | | | | | "match"
0.00037         1   0.00037         1  | | | | | | | | | | | | | | | | | | | | | | ".identC"
0.00037         1   0.00037         1  | | | | | | | | | | | | | | | | | | | | | | "getClass"
0.00967        26   0.00037         1  | | | | | | | | | | | | | | | | "states<-"
0.00930        25   0.00112         3  | | | | | | | | | | | | | | | | | "standardGeneric"
0.00409        11   0.00074         2  | | | | | | | | | | | | | | | | | | "states<-"
0.00335         9   0.00112         3  | | | | | | | | | | | | | | | | | | | "@<-"
0.00223         6   0.00000         0  | | | | | | | | | | | | | | | | | | | | "slot<-"
0.00223         6   0.00074         2  | | | | | | | | | | | | | | | | | | | | | "checkSlotAssignment"
0.00074         2   0.00037         1  | | | | | | | | | | | | | | | | | | | | | | "elNamed"
0.00037         1   0.00037         1  | | | | | | | | | | | | | | | | | | | | | | | "el"
0.00037         1   0.00037         1  | | | | | | | | | | | | | | | | | | | | | | ".identC"
0.00037         1   0.00000         0  | | | | | | | | | | | | | | | | | | | | | | "getClass"
0.00037         1   0.00037         1  | | | | | | | | | | | | | | | | | | | | | | | ".getClassFromCache"
0.00409        11   0.00260         7  | | | | | | | | | | | | | | | | | | "loadMethod"
0.00149         4   0.00037         1  | | | | | | | | | | | | | | | | | | | "loadMethod"
0.00112         3   0.00112         3  | | | | | | | | | | | | | | | | | | | | "assign"
0.00781        21   0.00037         1  | | | | | | | | | | | | | | | | "extrinsicFn"
0.00744        20   0.00000         0  | | | | | | | | | | | | | | | | | "states"
0.00744        20   0.00186         5  | | | | | | | | | | | | | | | | | | "standardGeneric"
0.00558        15   0.00409        11  | | | | | | | | | | | | | | | | | | | "loadMethod"
0.00149         4   0.00037         1  | | | | | | | | | | | | | | | | | | | | "loadMethod"
0.00112         3   0.00112         3  | | | | | | | | | | | | | | | | | | | | | "assign"
0.00670        18   0.00000         0  | | | | | | | | | | | | | | | | "timeSinceSpeciation"
0.00670        18   0.00260         7  | | | | | | | | | | | | | | | | | "standardGeneric"
0.00409        11   0.00335         9  | | | | | | | | | | | | | | | | | | "loadMethod"
0.00074         2   0.00000         0  | | | | | | | | | | | | | | | | | | | "loadMethod"
0.00074         2   0.00074         2  | | | | | | | | | | | | | | | | | | | | "assign"
0.00558        15   0.00037         1  | | | | | | | | | | | | | | | | "intrinsicFn"
0.00521        14   0.00037         1  | | | | | | | | | | | | | | | | | "rnorm"
0.00484        13   0.00000         0  | | | | | | | | | | | | | | | | | | "states"
0.00484        13   0.00074         2  | | | | | | | | | | | | | | | | | | | "standardGeneric"
0.00409        11   0.00335         9  | | | | | | | | | | | | | | | | | | | | "loadMethod"
0.00074         2   0.00037         1  | | | | | | | | | | | | | | | | | | | | | "loadMethod"
0.00037         1   0.00037         1  | | | | | | | | | | | | | | | | | | | | | | "assign"
0.00521        14   0.00037         1  | | | | | | | | | | | | | | | | "nextstates"
0.00484        13   0.00186         5  | | | | | | | | | | | | | | | | | "standardGeneric"
0.00298         8   0.00149         4  | | | | | | | | | | | | | | | | | | "loadMethod"
0.00149         4   0.00037         1  | | | | | | | | | | | | | | | | | | | "loadMethod"
0.00112         3   0.00112         3  | | | | | | | | | | | | | | | | | | | | "assign"
0.00074         2   0.00000         0  | | | | | | | | | | | | | | | | "["
0.00074         2   0.00037         1  | | | | | | | | | | | | | | | | | "[.data.frame"
0.00037         1   0.00000         0  | | | | | | | | | | | | | | | | | | "%in%"
0.00037         1   0.00000         0  | | | | | | | | | | | | | | | | | | | "match"
0.00037         1   0.00037         1  | | | | | | | | | | | | | | | | | | | | "sys.call"
0.00074         2   0.00000         0  | | | | | | | | | | | | | | | | "id"
0.00074         2   0.00037         1  | | | | | | | | | | | | | | | | | "standardGeneric"
0.00037         1   0.00037         1  | | | | | | | | | | | | | | | | | | "loadMethod"
0.00037         1   0.00000         0  | | | | | | | | | | | | | | | | "id<-"
0.00037         1   0.00000         0  | | | | | | | | | | | | | | | | | "standardGeneric"
0.00037         1   0.00000         0  | | | | | | | | | | | | | | | | | | "id<-"
0.00037         1   0.00000         0  | | | | | | | | | | | | | | | | | | | "@<-"
0.00037         1   0.00000         0  | | | | | | | | | | | | | | | | | | | | "slot<-"
0.00037         1   0.00000         0  | | | | | | | | | | | | | | | | | | | | | "checkSlotAssignment"
0.00037         1   0.00000         0  | | | | | | | | | | | | | | | | | | | | | | "as"
0.00037         1   0.00000         0  | | | | | | | | | | | | | | | | | | | | | | | ".quickCoerceSelect"
0.00037         1   0.00000         0  | | | | | | | | | | | | | | | | | | | | | | | | ".findMethodInTable"
0.00037         1   0.00000         0  | | | | | | | | | | | | | | | | | | | | | | | | | "is"
0.00037         1   0.00037         1  | | | | | | | | | | | | | | | | | | | | | | | | | | "getClassDef"
0.00149         4   0.00000         0  | | | | | | | | | | | "print"
0.00149         4   0.00149         4  | | | | | | | | | | | | "print.default"
0.27083       728   0.00000         0  | | "%dopar%"
0.27083       728   0.00000         0  | | | "<Anonymous>"
0.27083       728   0.00000         0  | | | | "tryCatch"
0.27083       728   0.00000         0  | | | | | "tryCatchList"
0.27083       728   0.00000         0  | | | | | | "tryCatchOne"
0.27083       728   0.00000         0  | | | | | | | "doTryCatch"
0.27083       728   0.00000         0  | | | | | | | | "tryCatch"
0.27083       728   0.00000         0  | | | | | | | | | "tryCatchList"
0.27083       728   0.00000         0  | | | | | | | | | | "tryCatchOne"
0.27083       728   0.00000         0  | | | | | | | | | | | "doTryCatch"
0.27083       728   0.00000         0  | | | | | | | | | | | | "eval"
0.27083       728   0.00000         0  | | | | | | | | | | | | | "eval"
0.27083       728   0.00000         0  | | | | | | | | | | | | | | "simulateData"
0.27083       728   0.00000         0  | | | | | | | | | | | | | | | "summaryStatsLong"
0.22061       593   0.00000         0  | | | | | | | | | | | | | | | | "fitContinuous.hacked"
0.13579       365   0.00000         0  | | | | | | | | | | | | | | | | | "fitContinuousModel"
0.08147       219   0.00000         0  | | | | | | | | | | | | | | | | | | "try"
0.08147       219   0.00000         0  | | | | | | | | | | | | | | | | | | | "tryCatch"
0.08147       219   0.00000         0  | | | | | | | | | | | | | | | | | | | | "tryCatchList"
0.08147       219   0.00000         0  | | | | | | | | | | | | | | | | | | | | | "tryCatchOne"
0.08073       217   0.00000         0  | | | | | | | | | | | | | | | | | | | | | | "doTryCatch"
0.08073       217   0.00000         0  | | | | | | | | | | | | | | | | | | | | | | | "optim"
0.08073       217   0.00000         0  | | | | | | | | | | | | | | | | | | | | | | | | "<Anonymous>"
0.08073       217   0.00149         4  | | | | | | | | | | | | | | | | | | | | | | | | | "fn"
0.03869       104   0.00000         0  | | | | | | | | | | | | | | | | | | | | | | | | | | "dmvnormPseudoinverse"
0.02604        70   0.00000         0  | | | | | | | | | | | | | | | | | | | | | | | | | | | "mahalanobis"
0.02604        70   0.00074         2  | | | | | | | | | | | | | | | | | | | | | | | | | | | | "rowSums"
0.02530        68   0.00000         0  | | | | | | | | | | | | | | | | | | | | | | | | | | | | | "is.data.frame"
0.02530        68   0.00000         0  | | | | | | | | | | | | | | | | | | | | | | | | | | | | | | "pseudoinverse"
0.02344        63   0.00000         0  | | | | | | | | | | | | | | | | | | | | | | | | | | | | | | | "fast.svd"
0.02307        62   0.00335         9  | | | | | | | | | | | | | | | | | | | | | | | | | | | | | | | | "positive.svd"
0.01935        52   0.00186         5  | | | | | | | | | | | | | | | | | | | | | | | | | | | | | | | | | "svd"
0.01525        41   0.01376        37  | | | | | | | | | | | | | | | | | | | | | | | | | | | | | | | | | | "La.svd"
0.00149         4   0.00149         4  | | | | | | | | | | | | | | | | | | | | | | | | | | | | | | | | | | | "matrix"
0.00223         6   0.00037         1  | | | | | | | | | | | | | | | | | | | | | | | | | | | | | | | | | | "t"
0.00186         5   0.00186         5  | | | | | | | | | | | | | | | | | | | | | | | | | | | | | | | | | | | "t.default"
0.00037         1   0.00037         1  | | | | | | | | | | | | | | | | | | | | | | | | | | | | | | | | | ">"
0.00037         1   0.00037         1  | | | | | | | | | | | | | | | | | | | | | | | | | | | | | | | | ">"
0.00149         4   0.00149         4  | | | | | | | | | | | | | | | | | | | | | | | | | | | | | | | "*"
0.00037         1   0.00000         0  | | | | | | | | | | | | | | | | | | | | | | | | | | | | | | | "t"
0.00037         1   0.00037         1  | | | | | | | | | | | | | | | | | | | | | | | | | | | | | | | | "t.default"
0.00818        22   0.00000         0  | | | | | | | | | | | | | | | | | | | | | | | | | | | "isSymmetric"
0.00818        22   0.00000         0  | | | | | | | | | | | | | | | | | | | | | | | | | | | | "isSymmetric.matrix"
0.00818        22   0.00000         0  | | | | | | | | | | | | | | | | | | | | | | | | | | | | | "all.equal"
0.00818        22   0.00186         5  | | | | | | | | | | | | | | | | | | | | | | | | | | | | | | "all.equal.numeric"
0.00335         9   0.00000         0  | | | | | | | | | | | | | | | | | | | | | | | | | | | | | | | "attr.all.equal"
0.00223         6   0.00037         1  | | | | | | | | | | | | | | | | | | | | | | | | | | | | | | | | "mode"
0.00186         5   0.00000         0  | | | | | | | | | | | | | | | | | | | | | | | | | | | | | | | | | "t"
0.00186         5   0.00186         5  | | | | | | | | | | | | | | | | | | | | | | | | | | | | | | | | | | "t.default"
0.00112         3   0.00000         0  | | | | | | | | | | | | | | | | | | | | | | | | | | | | | | | | "all.equal"
0.00112         3   0.00000         0  | | | | | | | | | | | | | | | | | | | | | | | | | | | | | | | | | "all.equal.list"
0.00112         3   0.00000         0  | | | | | | | | | | | | | | | | | | | | | | | | | | | | | | | | | | "all.equal"
0.00112         3   0.00000         0  | | | | | | | | | | | | | | | | | | | | | | | | | | | | | | | | | | | "all.equal.list"
0.00112         3   0.00000         0  | | | | | | | | | | | | | | | | | | | | | | | | | | | | | | | | | | | | "all.equal"
0.00112         3   0.00000         0  | | | | | | | | | | | | | | | | | | | | | | | | | | | | | | | | | | | | | "all.equal.character"
0.00074         2   0.00037         1  | | | | | | | | | | | | | | | | | | | | | | | | | | | | | | | | | | | | | | "attr.all.equal"
0.00037         1   0.00037         1  | | | | | | | | | | | | | | | | | | | | | | | | | | | | | | | | | | | | | | | "mode"
0.00037         1   0.00037         1  | | | | | | | | | | | | | | | | | | | | | | | | | | | | | | | | | | | | | | "data.class"
0.00298         8   0.00298         8  | | | | | | | | | | | | | | | | | | | | | | | | | | | | | | | "as.vector"
0.00446        12   0.00409        11  | | | | | | | | | | | | | | | | | | | | | | | | | | | "eigen"
0.00037         1   0.00000         0  | | | | | | | | | | | | | | | | | | | | | | | | | | | | "rev"
0.00037         1   0.00037         1  | | | | | | | | | | | | | | | | | | | | | | | | | | | | | "rev.default"
0.01972        53   0.00000         0  | | | | | | | | | | | | | | | | | | | | | | | | | | "ouMatrix"
0.00856        23   0.00856        23  | | | | | | | | | | | | | | | | | | | | | | | | | | | "*"
0.00260         7   0.00186         5  | | | | | | | | | | | | | | | | | | | | | | | | | | | "diag"
0.00074         2   0.00037         1  | | | | | | | | | | | | | | | | | | | | | | | | | | | | "sapply"
0.00037         1   0.00000         0  | | | | | | | | | | | | | | | | | | | | | | | | | | | | | "simplify2array"
0.00037         1   0.00000         0  | | | | | | | | | | | | | | | | | | | | | | | | | | | | | | "unique"
0.00037         1   0.00037         1  | | | | | | | | | | | | | | | | | | | | | | | | | | | | | | | "unique.default"
0.00223         6   0.00223         6  | | | | | | | | | | | | | | | | | | | | | | | | | | | "+"
0.00223         6   0.00223         6  | | | | | | | | | | | | | | | | | | | | | | | | | | | "exp"
0.00223         6   0.00223         6  | | | | | | | | | | | | | | | | | | | | | | | | | | | "matrix"
0.00186         5   0.00186         5  | | | | | | | | | | | | | | | | | | | | | | | | | | | "-"
0.01600        43   0.00000         0  | | | | | | | | | | | | | | | | | | | | | | | | | | "phylogMean"
0.01562        42   0.00000         0  | | | | | | | | | | | | | | | | | | | | | | | | | | | "try"
0.01562        42   0.00000         0  | | | | | | | | | | | | | | | | | | | | | | | | | | | | "tryCatch"
0.01562        42   0.00000         0  | | | | | | | | | | | | | | | | | | | | | | | | | | | | | "tryCatchList"
0.01562        42   0.00000         0  | | | | | | | | | | | | | | | | | | | | | | | | | | | | | | "tryCatchOne"
0.01562        42   0.00000         0  | | | | | | | | | | | | | | | | | | | | | | | | | | | | | | | "doTryCatch"
0.01562        42   0.00000         0  | | | | | | | | | | | | | | | | | | | | | | | | | | | | | | | | "solve"
0.01562        42   0.00670        18  | | | | | | | | | | | | | | | | | | | | | | | | | | | | | | | | | "solve.default"
0.00484        13   0.00223         6  | | | | | | | | | | | | | | | | | | | | | | | | | | | | | | | | | | "diag"
0.00260         7   0.00260         7  | | | | | | | | | | | | | | | | | | | | | | | | | | | | | | | | | | | "array"
0.00298         8   0.00298         8  | | | | | | | | | | | | | | | | | | | | | | | | | | | | | | | | | | "colnames<-"
0.00112         3   0.00112         3  | | | | | | | | | | | | | | | | | | | | | | | | | | | | | | | | | | "rownames<-"
0.00037         1   0.00000         0  | | | | | | | | | | | | | | | | | | | | | | | | | | | "t"
0.00037         1   0.00037         1  | | | | | | | | | | | | | | | | | | | | | | | | | | | | "t.default"
0.00335         9   0.00335         9  | | | | | | | | | | | | | | | | | | | | | | | | | | "diag<-"
0.00074         2   0.00074         2  | | | | | | | | | | | | | | | | | | | | | | | | | | "*"
0.00074         2   0.00074         2  | | | | | | | | | | | | | | | | | | | | | | | | | | "diag"
0.00074         2   0.00037         1  | | | | | | | | | | | | | | | | | | | | | | "<Anonymous>"
0.00037         1   0.00000         0  | | | | | | | | | | | | | | | | | | | | | | | "deparse"
0.00037         1   0.00000         0  | | | | | | | | | | | | | | | | | | | | | | | | "%in%"
0.00037         1   0.00000         0  | | | | | | | | | | | | | | | | | | | | | | | | | "match"
0.00037         1   0.00000         0  | | | | | | | | | | | | | | | | | | | | | | | | | | "mode"
0.00037         1   0.00000         0  | | | | | | | | | | | | | | | | | | | | | | | | | | | "deparse"
0.00037         1   0.00037         1  | | | | | | | | | | | | | | | | | | | | | | | | | | | | ".deparseOpts"
0.03311        89   0.00000         0  | | | | | | | | | | | | | | | | | | "print"
0.03311        89   0.03311        89  | | | | | | | | | | | | | | | | | | | "print.default"
0.02046        55   0.00000         0  | | | | | | | | | | | | | | | | | | "nlm"
0.02046        55   0.00000         0  | | | | | | | | | | | | | | | | | | | "<Anonymous>"
0.02046        55   0.00000         0  | | | | | | | | | | | | | | | | | | | | "f"
0.01935        52   0.00000         0  | | | | | | | | | | | | | | | | | | | | | "try"
0.01935        52   0.00000         0  | | | | | | | | | | | | | | | | | | | | | | "tryCatch"
0.01935        52   0.00000         0  | | | | | | | | | | | | | | | | | | | | | | | "tryCatchList"
0.01935        52   0.00000         0  | | | | | | | | | | | | | | | | | | | | | | | | "tryCatchOne"
0.01935        52   0.00000         0  | | | | | | | | | | | | | | | | | | | | | | | | | "doTryCatch"
0.01935        52   0.00000         0  | | | | | | | | | | | | | | | | | | | | | | | | | | "foo"
0.00818        22   0.00000         0  | | | | | | | | | | | | | | | | | | | | | | | | | | | "phylogMean"
0.00744        20   0.00000         0  | | | | | | | | | | | | | | | | | | | | | | | | | | | | "print"
0.00744        20   0.00744        20  | | | | | | | | | | | | | | | | | | | | | | | | | | | | | "print.default"
0.00074         2   0.00000         0  | | | | | | | | | | | | | | | | | | | | | | | | | | | | "try"
0.00074         2   0.00000         0  | | | | | | | | | | | | | | | | | | | | | | | | | | | | | "tryCatch"
0.00074         2   0.00000         0  | | | | | | | | | | | | | | | | | | | | | | | | | | | | | | "tryCatchList"
0.00074         2   0.00000         0  | | | | | | | | | | | | | | | | | | | | | | | | | | | | | | | "tryCatchOne"
0.00074         2   0.00000         0  | | | | | | | | | | | | | | | | | | | | | | | | | | | | | | | | "doTryCatch"
0.00074         2   0.00000         0  | | | | | | | | | | | | | | | | | | | | | | | | | | | | | | | | | "solve"
0.00074         2   0.00074         2  | | | | | | | | | | | | | | | | | | | | | | | | | | | | | | | | | | "solve.default"
0.00670        18   0.00000         0  | | | | | | | | | | | | | | | | | | | | | | | | | | | "vcv.phylo"
0.00632        17   0.00223         6  | | | | | | | | | | | | | | | | | | | | | | | | | | | | "foo"
0.00409        11   0.00074         2  | | | | | | | | | | | | | | | | | | | | | | | | | | | | | "foo"
0.00335         9   0.00149         4  | | | | | | | | | | | | | | | | | | | | | | | | | | | | | | "foo"
0.00186         5   0.00074         2  | | | | | | | | | | | | | | | | | | | | | | | | | | | | | | | "foo"
0.00074         2   0.00037         1  | | | | | | | | | | | | | | | | | | | | | | | | | | | | | | | | "foo"
0.00037         1   0.00000         0  | | | | | | | | | | | | | | | | | | | | | | | | | | | | | | | | | "foo"
0.00037         1   0.00037         1  | | | | | | | | | | | | | | | | | | | | | | | | | | | | | | | | | | "$"
0.00037         1   0.00037         1  | | | | | | | | | | | | | | | | | | | | | | | | | | | | | | | | "<="
0.00037         1   0.00000         0  | | | | | | | | | | | | | | | | | | | | | | | | | | | | "rownames<-"
0.00037         1   0.00037         1  | | | | | | | | | | | | | | | | | | | | | | | | | | | | | "is.data.frame"
0.00260         7   0.00000         0  | | | | | | | | | | | | | | | | | | | | | | | | | | | "deltaTree"
0.00260         7   0.00000         0  | | | | | | | | | | | | | | | | | | | | | | | | | | | | "rescaleTree"
0.00260         7   0.00000         0  | | | | | | | | | | | | | | | | | | | | | | | | | | | | | "diag"
0.00260         7   0.00000         0  | | | | | | | | | | | | | | | | | | | | | | | | | | | | | | "vcv.phylo"
0.00260         7   0.00074         2  | | | | | | | | | | | | | | | | | | | | | | | | | | | | | | | "foo"
0.00186         5   0.00074         2  | | | | | | | | | | | | | | | | | | | | | | | | | | | | | | | | "foo"
0.00112         3   0.00074         2  | | | | | | | | | | | | | | | | | | | | | | | | | | | | | | | | | "foo"
0.00037         1   0.00000         0  | | | | | | | | | | | | | | | | | | | | | | | | | | | | | | | | | | "foo"
0.00037         1   0.00000         0  | | | | | | | | | | | | | | | | | | | | | | | | | | | | | | | | | | | "foo"
0.00037         1   0.00000         0  | | | | | | | | | | | | | | | | | | | | | | | | | | | | | | | | | | | | "foo"
0.00037         1   0.00037         1  | | | | | | | | | | | | | | | | | | | | | | | | | | | | | | | | | | | | | "foo"
0.00112         3   0.00000         0  | | | | | | | | | | | | | | | | | | | | | | | | | | | "dmvnormPseudoinverse"
0.00074         2   0.00000         0  | | | | | | | | | | | | | | | | | | | | | | | | | | | | "mahalanobis"
0.00074         2   0.00000         0  | | | | | | | | | | | | | | | | | | | | | | | | | | | | | "rowSums"
0.00074         2   0.00000         0  | | | | | | | | | | | | | | | | | | | | | | | | | | | | | | "is.data.frame"
0.00074         2   0.00000         0  | | | | | | | | | | | | | | | | | | | | | | | | | | | | | | | "pseudoinverse"
0.00037         1   0.00037         1  | | | | | | | | | | | | | | | | | | | | | | | | | | | | | | | | "*"
0.00037         1   0.00000         0  | | | | | | | | | | | | | | | | | | | | | | | | | | | | | | | | "fast.svd"
0.00037         1   0.00000         0  | | | | | | | | | | | | | | | | | | | | | | | | | | | | | | | | | "positive.svd"
0.00037         1   0.00000         0  | | | | | | | | | | | | | | | | | | | | | | | | | | | | | | | | | | "svd"
0.00037         1   0.00037         1  | | | | | | | | | | | | | | | | | | | | | | | | | | | | | | | | | | | "La.svd"
0.00037         1   0.00000         0  | | | | | | | | | | | | | | | | | | | | | | | | | | | | "isSymmetric"
0.00037         1   0.00000         0  | | | | | | | | | | | | | | | | | | | | | | | | | | | | | "isSymmetric.matrix"
0.00037         1   0.00000         0  | | | | | | | | | | | | | | | | | | | | | | | | | | | | | | "all.equal"
0.00037         1   0.00000         0  | | | | | | | | | | | | | | | | | | | | | | | | | | | | | | | "all.equal.numeric"
0.00037         1   0.00037         1  | | | | | | | | | | | | | | | | | | | | | | | | | | | | | | | | "as.vector"
0.00037         1   0.00037         1  | | | | | | | | | | | | | | | | | | | | | | | | | | | "*"
0.00037         1   0.00000         0  | | | | | | | | | | | | | | | | | | | | | | | | | | | "ouMatrix"
0.00037         1   0.00037         1  | | | | | | | | | | | | | | | | | | | | | | | | | | | | "diag"
0.00112         3   0.00000         0  | | | | | | | | | | | | | | | | | | | | | "phylogMean"
0.00112         3   0.00000         0  | | | | | | | | | | | | | | | | | | | | | | "print"
0.00112         3   0.00112         3  | | | | | | | | | | | | | | | | | | | | | | | "print.default"
0.00074         2   0.00074         2  | | | | | | | | | | | | | | | | | | "runif"
0.08482       228   0.08482       228  | | | | | | | | | | | | | | | | | "cat"
0.04948       133   0.00000         0  | | | | | | | | | | | | | | | | "convertTaxonFrameToGeigerData"
0.04948       133   0.00260         7  | | | | | | | | | | | | | | | | | "doSimulation"
0.02381        64   0.00000         0  | | | | | | | | | | | | | | | | | | "states"
0.02381        64   0.00632        17  | | | | | | | | | | | | | | | | | | | "standardGeneric"
0.01749        47   0.01153        31  | | | | | | | | | | | | | | | | | | | | "loadMethod"
0.00595        16   0.00223         6  | | | | | | | | | | | | | | | | | | | | | "loadMethod"
0.00372        10   0.00372        10  | | | | | | | | | | | | | | | | | | | | | | "assign"
0.00521        14   0.00000         0  | | | | | | | | | | | | | | | | | | "nextstates<-"
0.00521        14   0.00112         3  | | | | | | | | | | | | | | | | | | | "standardGeneric"
0.00298         8   0.00000         0  | | | | | | | | | | | | | | | | | | | | "nextstates<-"
0.00298         8   0.00000         0  | | | | | | | | | | | | | | | | | | | | | "@<-"
0.00298         8   0.00074         2  | | | | | | | | | | | | | | | | | | | | | | "slot<-"
0.00223         6   0.00000         0  | | | | | | | | | | | | | | | | | | | | | | | "checkSlotAssignment"
0.00074         2   0.00074         2  | | | | | | | | | | | | | | | | | | | | | | | | ".identC"
0.00074         2   0.00037         1  | | | | | | | | | | | | | | | | | | | | | | | | "getClass"
0.00037         1   0.00037         1  | | | | | | | | | | | | | | | | | | | | | | | | | ".getClassFromCache"
0.00074         2   0.00000         0  | | | | | | | | | | | | | | | | | | | | | | | | "elNamed"
0.00037         1   0.00037         1  | | | | | | | | | | | | | | | | | | | | | | | | | "el"
0.00037         1   0.00037         1  | | | | | | | | | | | | | | | | | | | | | | | | | "match"
0.00112         3   0.00112         3  | | | | | | | | | | | | | | | | | | | | "loadMethod"
0.00298         8   0.00000         0  | | | | | | | | | | | | | | | | | | "timeSinceSpeciation<-"
0.00298         8   0.00037         1  | | | | | | | | | | | | | | | | | | | "standardGeneric"
0.00186         5   0.00149         4  | | | | | | | | | | | | | | | | | | | | "loadMethod"
0.00037         1   0.00037         1  | | | | | | | | | | | | | | | | | | | | | "loadMethod"
0.00074         2   0.00000         0  | | | | | | | | | | | | | | | | | | | | "timeSinceSpeciation<-"
0.00074         2   0.00037         1  | | | | | | | | | | | | | | | | | | | | | "@<-"
0.00037         1   0.00037         1  | | | | | | | | | | | | | | | | | | | | | | "slot<-"
0.00260         7   0.00000         0  | | | | | | | | | | | | | | | | | | "extrinsicFn"
0.00260         7   0.00000         0  | | | | | | | | | | | | | | | | | | | "states"
0.00260         7   0.00074         2  | | | | | | | | | | | | | | | | | | | | "standardGeneric"
0.00186         5   0.00112         3  | | | | | | | | | | | | | | | | | | | | | "loadMethod"
0.00074         2   0.00037         1  | | | | | | | | | | | | | | | | | | | | | | "loadMethod"
0.00037         1   0.00037         1  | | | | | | | | | | | | | | | | | | | | | | | "assign"
0.00260         7   0.00000         0  | | | | | | | | | | | | | | | | | | "matrix"
0.00260         7   0.00000         0  | | | | | | | | | | | | | | | | | | | "states"
0.00260         7   0.00037         1  | | | | | | | | | | | | | | | | | | | | "standardGeneric"
0.00223         6   0.00149         4  | | | | | | | | | | | | | | | | | | | | | "loadMethod"
0.00074         2   0.00037         1  | | | | | | | | | | | | | | | | | | | | | | "loadMethod"
0.00037         1   0.00037         1  | | | | | | | | | | | | | | | | | | | | | | | "assign"
0.00260         7   0.00000         0  | | | | | | | | | | | | | | | | | | "states<-"
0.00260         7   0.00037         1  | | | | | | | | | | | | | | | | | | | "standardGeneric"
0.00186         5   0.00112         3  | | | | | | | | | | | | | | | | | | | | "loadMethod"
0.00074         2   0.00000         0  | | | | | | | | | | | | | | | | | | | | | "loadMethod"
0.00074         2   0.00074         2  | | | | | | | | | | | | | | | | | | | | | | "assign"
0.00037         1   0.00000         0  | | | | | | | | | | | | | | | | | | | | "states<-"
0.00037         1   0.00000         0  | | | | | | | | | | | | | | | | | | | | | "@<-"
0.00037         1   0.00000         0  | | | | | | | | | | | | | | | | | | | | | | "slot<-"
0.00037         1   0.00000         0  | | | | | | | | | | | | | | | | | | | | | | | "checkSlotAssignment"
0.00037         1   0.00000         0  | | | | | | | | | | | | | | | | | | | | | | | | "getClass"
0.00037         1   0.00037         1  | | | | | | | | | | | | | | | | | | | | | | | | | ".getClassFromCache"
0.00223         6   0.00000         0  | | | | | | | | | | | | | | | | | | "nextstates"
0.00223         6   0.00037         1  | | | | | | | | | | | | | | | | | | | "standardGeneric"
0.00186         5   0.00149         4  | | | | | | | | | | | | | | | | | | | | "loadMethod"
0.00037         1   0.00000         0  | | | | | | | | | | | | | | | | | | | | | "loadMethod"
0.00037         1   0.00037         1  | | | | | | | | | | | | | | | | | | | | | | "assign"
0.00112         3   0.00000         0  | | | | | | | | | | | | | | | | | | "id<-"
0.00112         3   0.00000         0  | | | | | | | | | | | | | | | | | | | "standardGeneric"
0.00112         3   0.00000         0  | | | | | | | | | | | | | | | | | | | | "id<-"
0.00112         3   0.00000         0  | | | | | | | | | | | | | | | | | | | | | "@<-"
0.00112         3   0.00000         0  | | | | | | | | | | | | | | | | | | | | | | "slot<-"
0.00112         3   0.00000         0  | | | | | | | | | | | | | | | | | | | | | | | "checkSlotAssignment"
0.00112         3   0.00000         0  | | | | | | | | | | | | | | | | | | | | | | | | "as"
0.00074         2   0.00000         0  | | | | | | | | | | | | | | | | | | | | | | | | | ".quickCoerceSelect"
0.00074         2   0.00000         0  | | | | | | | | | | | | | | | | | | | | | | | | | | ".findMethodInTable"
0.00074         2   0.00000         0  | | | | | | | | | | | | | | | | | | | | | | | | | | | "is"
0.00074         2   0.00000         0  | | | | | | | | | | | | | | | | | | | | | | | | | | | | "possibleExtends"
0.00037         1   0.00037         1  | | | | | | | | | | | | | | | | | | | | | | | | | | | | | ".identC"
0.00037         1   0.00037         1  | | | | | | | | | | | | | | | | | | | | | | | | | | | | | "match"
0.00037         1   0.00000         0  | | | | | | | | | | | | | | | | | | | | | | | | | ".classEnv"
0.00037         1   0.00000         0  | | | | | | | | | | | | | | | | | | | | | | | | | | ".requirePackage"
0.00037         1   0.00000         0  | | | | | | | | | | | | | | | | | | | | | | | | | | | "%in%"
0.00037         1   0.00000         0  | | | | | | | | | | | | | | | | | | | | | | | | | | | | "match"
0.00037         1   0.00000         0  | | | | | | | | | | | | | | | | | | | | | | | | | | | | | "loadedNamespaces"
0.00037         1   0.00000         0  | | | | | | | | | | | | | | | | | | | | | | | | | | | | | | "ls"
0.00037         1   0.00000         0  | | | | | | | | | | | | | | | | | | | | | | | | | | | | | | | "try"
0.00037         1   0.00000         0  | | | | | | | | | | | | | | | | | | | | | | | | | | | | | | | | "tryCatch"
0.00037         1   0.00037         1  | | | | | | | | | | | | | | | | | | | | | | | | | | | | | | | | | "tryCatchList"
0.00112         3   0.00037         1  | | | | | | | | | | | | | | | | | | "timeSinceSpeciation"
0.00074         2   0.00000         0  | | | | | | | | | | | | | | | | | | | "standardGeneric"
0.00074         2   0.00037         1  | | | | | | | | | | | | | | | | | | | | "loadMethod"
0.00037         1   0.00000         0  | | | | | | | | | | | | | | | | | | | | | "loadMethod"
0.00037         1   0.00037         1  | | | | | | | | | | | | | | | | | | | | | | "assign"
0.00112         3   0.00074         2  | | | | | | | | | | | | | | | | | | "intrinsicFn"
0.00037         1   0.00000         0  | | | | | | | | | | | | | | | | | | | "rnorm"
0.00037         1   0.00000         0  | | | | | | | | | | | | | | | | | | | | "states"
0.00037         1   0.00000         0  | | | | | | | | | | | | | | | | | | | | | "standardGeneric"
0.00037         1   0.00000         0  | | | | | | | | | | | | | | | | | | | | | | "loadMethod"
0.00037         1   0.00037         1  | | | | | | | | | | | | | | | | | | | | | | | "loadMethod"
0.00074         2   0.00000         0  | | | | | | | | | | | | | | | | | | "["
0.00074         2   0.00037         1  | | | | | | | | | | | | | | | | | | | "[.data.frame"
0.00037         1   0.00000         0  | | | | | | | | | | | | | | | | | | | | "%in%"
0.00037         1   0.00037         1  | | | | | | | | | | | | | | | | | | | | | "match"
0.00037         1   0.00037         1  | | | | | | | | | | | | | | | | | | "+"
0.00037         1   0.00037         1  | | | | | | | | | | | | | | | | | | "c"
0.00074         2   0.00000         0  | | | | | | | | | | | | | | | | "print"
0.00074         2   0.00074         2  | | | | | | | | | | | | | | | | | "print.default"
0.00744        20   0.00000         0  | | "save"
0.00707        19   0.00707        19  | | | "gzfile"
0.00037         1   0.00000         0  | | | "close"
0.00037         1   0.00037         1  | | | | "close.connection"
0.00037         1   0.00000         0  | | "boxcoxplsSummary"
0.00037         1   0.00000         0  | | | "summaryStatsLong"
0.00037         1   0.00000         0  | | | | "fitContinuous.hacked"
0.00037         1   0.00037         1  | | | | | "cat"
0.00037         1   0.00000         0  | | "print"
0.00037         1   0.00037         1  | | | "print.default"
0.00037         1   0.00037         1  | | "cat"
